CRITICAL - 2025-11-13 14:37:25 --> ErrorException: Undefined variable $usuario
[Method: GET, Route: /]
in APPPATH/Controllers/Home.php on line 11.
 1 APPPATH/Controllers/Home.php(11): CodeIgniter\Debug\Exceptions->errorHandler()
 2 SYSTEMPATH/CodeIgniter.php(933): App\Controllers\Home->index()
 3 SYSTEMPATH/CodeIgniter.php(507): CodeIgniter\CodeIgniter->runController()
 4 SYSTEMPATH/CodeIgniter.php(354): CodeIgniter\CodeIgniter->handleRequest()
 5 SYSTEMPATH/Boot.php(363): CodeIgniter\CodeIgniter->run()
 6 SYSTEMPATH/Boot.php(68): CodeIgniter\Boot::runCodeIgniter()
 7 FCPATH/index.php(59): CodeIgniter\Boot::bootWeb()
 8 SYSTEMPATH/rewrite.php(44): require_once('/var/www/html/public/index.php')
CRITICAL - 2025-11-13 14:38:23 --> ErrorException: Undefined variable $Usuario
[Method: GET, Route: /]
in APPPATH/Controllers/Home.php on line 11.
 1 APPPATH/Controllers/Home.php(11): CodeIgniter\Debug\Exceptions->errorHandler()
 2 SYSTEMPATH/CodeIgniter.php(933): App\Controllers\Home->index()
 3 SYSTEMPATH/CodeIgniter.php(507): CodeIgniter\CodeIgniter->runController()
 4 SYSTEMPATH/CodeIgniter.php(354): CodeIgniter\CodeIgniter->handleRequest()
 5 SYSTEMPATH/Boot.php(363): CodeIgniter\CodeIgniter->run()
 6 SYSTEMPATH/Boot.php(68): CodeIgniter\Boot::runCodeIgniter()
 7 FCPATH/index.php(59): CodeIgniter\Boot::bootWeb()
 8 SYSTEMPATH/rewrite.php(44): require_once('/var/www/html/public/index.php')
CRITICAL - 2025-11-13 14:39:08 --> ErrorException: Undefined variable $usuario
[Method: GET, Route: /]
in APPPATH/Controllers/Home.php on line 11.
 1 APPPATH/Controllers/Home.php(11): CodeIgniter\Debug\Exceptions->errorHandler()
 2 SYSTEMPATH/CodeIgniter.php(933): App\Controllers\Home->index()
 3 SYSTEMPATH/CodeIgniter.php(507): CodeIgniter\CodeIgniter->runController()
 4 SYSTEMPATH/CodeIgniter.php(354): CodeIgniter\CodeIgniter->handleRequest()
 5 SYSTEMPATH/Boot.php(363): CodeIgniter\CodeIgniter->run()
 6 SYSTEMPATH/Boot.php(68): CodeIgniter\Boot::runCodeIgniter()
 7 FCPATH/index.php(59): CodeIgniter\Boot::bootWeb()
 8 SYSTEMPATH/rewrite.php(44): require_once('/var/www/html/public/index.php')
CRITICAL - 2025-11-13 14:43:21 --> ErrorException: Undefined variable $Usuarios
[Method: GET, Route: /]
in APPPATH/Controllers/Home.php on line 11.
 1 APPPATH/Controllers/Home.php(11): CodeIgniter\Debug\Exceptions->errorHandler()
 2 SYSTEMPATH/CodeIgniter.php(933): App\Controllers\Home->index()
 3 SYSTEMPATH/CodeIgniter.php(507): CodeIgniter\CodeIgniter->runController()
 4 SYSTEMPATH/CodeIgniter.php(354): CodeIgniter\CodeIgniter->handleRequest()
 5 SYSTEMPATH/Boot.php(363): CodeIgniter\CodeIgniter->run()
 6 SYSTEMPATH/Boot.php(68): CodeIgniter\Boot::runCodeIgniter()
 7 FCPATH/index.php(59): CodeIgniter\Boot::bootWeb()
 8 SYSTEMPATH/rewrite.php(44): require_once('/var/www/html/public/index.php')
CRITICAL - 2025-11-13 14:44:49 --> ErrorException: Undefined variable $Usuarios
[Method: GET, Route: /]
in APPPATH/Controllers/Home.php on line 11.
 1 APPPATH/Controllers/Home.php(11): CodeIgniter\Debug\Exceptions->errorHandler()
 2 SYSTEMPATH/CodeIgniter.php(933): App\Controllers\Home->index()
 3 SYSTEMPATH/CodeIgniter.php(507): CodeIgniter\CodeIgniter->runController()
 4 SYSTEMPATH/CodeIgniter.php(354): CodeIgniter\CodeIgniter->handleRequest()
 5 SYSTEMPATH/Boot.php(363): CodeIgniter\CodeIgniter->run()
 6 SYSTEMPATH/Boot.php(68): CodeIgniter\Boot::runCodeIgniter()
 7 FCPATH/index.php(59): CodeIgniter\Boot::bootWeb()
 8 SYSTEMPATH/rewrite.php(44): require_once('/var/www/html/public/index.php')
CRITICAL - 2025-11-13 14:51:47 --> CodeIgniter\View\Exceptions\ViewException: Invalid file: " fea .php"
[Method: GET, Route: /]
in SYSTEMPATH/Exceptions/FrameworkException.php on line 39.
 1 SYSTEMPATH/View/View.php(214): CodeIgniter\Exceptions\FrameworkException::forInvalidFile()
 2 SYSTEMPATH/Common.php(1167): CodeIgniter\View\View->render()
 3 APPPATH/Controllers/Home.php(18): view()
 4 SYSTEMPATH/CodeIgniter.php(933): App\Controllers\Home->index()
 5 SYSTEMPATH/CodeIgniter.php(507): CodeIgniter\CodeIgniter->runController()
 6 SYSTEMPATH/CodeIgniter.php(354): CodeIgniter\CodeIgniter->handleRequest()
 7 SYSTEMPATH/Boot.php(363): CodeIgniter\CodeIgniter->run()
 8 SYSTEMPATH/Boot.php(68): CodeIgniter\Boot::runCodeIgniter()
 9 FCPATH/index.php(59): CodeIgniter\Boot::bootWeb()
10 SYSTEMPATH/rewrite.php(44): require_once('/var/www/html/public/index.php')
CRITICAL - 2025-11-13 14:52:38 --> CodeIgniter\View\Exceptions\ViewException: Invalid file: " fea .php"
[Method: GET, Route: /]
in SYSTEMPATH/Exceptions/FrameworkException.php on line 39.
 1 SYSTEMPATH/View/View.php(214): CodeIgniter\Exceptions\FrameworkException::forInvalidFile()
 2 SYSTEMPATH/Common.php(1167): CodeIgniter\View\View->render()
 3 APPPATH/Controllers/Home.php(18): view()
 4 SYSTEMPATH/CodeIgniter.php(933): App\Controllers\Home->index()
 5 SYSTEMPATH/CodeIgniter.php(507): CodeIgniter\CodeIgniter->runController()
 6 SYSTEMPATH/CodeIgniter.php(354): CodeIgniter\CodeIgniter->handleRequest()
 7 SYSTEMPATH/Boot.php(363): CodeIgniter\CodeIgniter->run()
 8 SYSTEMPATH/Boot.php(68): CodeIgniter\Boot::runCodeIgniter()
 9 FCPATH/index.php(59): CodeIgniter\Boot::bootWeb()
10 SYSTEMPATH/rewrite.php(44): require_once('/var/www/html/public/index.php')
CRITICAL - 2025-11-13 14:54:23 --> ErrorException: Undefined variable $userModel
[Method: GET, Route: /]
in APPPATH/Controllers/Home.php on line 15.
 1 APPPATH/Controllers/Home.php(15): CodeIgniter\Debug\Exceptions->errorHandler()
 2 SYSTEMPATH/CodeIgniter.php(933): App\Controllers\Home->index()
 3 SYSTEMPATH/CodeIgniter.php(507): CodeIgniter\CodeIgniter->runController()
 4 SYSTEMPATH/CodeIgniter.php(354): CodeIgniter\CodeIgniter->handleRequest()
 5 SYSTEMPATH/Boot.php(363): CodeIgniter\CodeIgniter->run()
 6 SYSTEMPATH/Boot.php(68): CodeIgniter\Boot::runCodeIgniter()
 7 FCPATH/index.php(59): CodeIgniter\Boot::bootWeb()
 8 SYSTEMPATH/rewrite.php(44): require_once('/var/www/html/public/index.php')
ERROR - 2025-11-13 14:55:58 --> mysqli_sql_exception: Unknown column 'Usuarios.usuario_id' in 'where clause' in /var/www/html/system/Database/MySQLi/Connection.php:327
Stack trace:
#0 /var/www/html/system/Database/MySQLi/Connection.php(327): mysqli->query()
#1 /var/www/html/system/Database/BaseConnection.php(729): CodeIgniter\Database\MySQLi\Connection->execute()
#2 /var/www/html/system/Database/BaseConnection.php(646): CodeIgniter\Database\BaseConnection->simpleQuery()
#3 /var/www/html/system/Database/BaseBuilder.php(1649): CodeIgniter\Database\BaseConnection->query()
#4 /var/www/html/system/Model.php(206): CodeIgniter\Database\BaseBuilder->get()
#5 /var/www/html/system/BaseModel.php(611): CodeIgniter\Model->doFind()
#6 /var/www/html/app/Controllers/Home.php(14): CodeIgniter\BaseModel->find()
#7 /var/www/html/system/CodeIgniter.php(933): App\Controllers\Home->index()
#8 /var/www/html/system/CodeIgniter.php(507): CodeIgniter\CodeIgniter->runController()
#9 /var/www/html/system/CodeIgniter.php(354): CodeIgniter\CodeIgniter->handleRequest()
#10 /var/www/html/system/Boot.php(363): CodeIgniter\CodeIgniter->run()
#11 /var/www/html/system/Boot.php(68): CodeIgniter\Boot::runCodeIgniter()
#12 /var/www/html/public/index.php(59): CodeIgniter\Boot::bootWeb()
#13 /var/www/html/system/rewrite.php(44): require_once('...')
#14 {main}
CRITICAL - 2025-11-13 14:55:58 --> CodeIgniter\Database\Exceptions\DatabaseException: Unknown column 'Usuarios.usuario_id' in 'where clause'
[Method: GET, Route: /]
in SYSTEMPATH/Database/BaseConnection.php on line 684.
 1 SYSTEMPATH/Database/BaseBuilder.php(1649): CodeIgniter\Database\BaseConnection->query()
 2 SYSTEMPATH/Model.php(206): CodeIgniter\Database\BaseBuilder->get()
 3 SYSTEMPATH/BaseModel.php(611): CodeIgniter\Model->doFind()
 4 APPPATH/Controllers/Home.php(14): CodeIgniter\BaseModel->find()
 5 SYSTEMPATH/CodeIgniter.php(933): App\Controllers\Home->index()
 6 SYSTEMPATH/CodeIgniter.php(507): CodeIgniter\CodeIgniter->runController()
 7 SYSTEMPATH/CodeIgniter.php(354): CodeIgniter\CodeIgniter->handleRequest()
 8 SYSTEMPATH/Boot.php(363): CodeIgniter\CodeIgniter->run()
 9 SYSTEMPATH/Boot.php(68): CodeIgniter\Boot::runCodeIgniter()
10 FCPATH/index.php(59): CodeIgniter\Boot::bootWeb()
11 SYSTEMPATH/rewrite.php(44): require_once('/var/www/html/public/index.php')
CRITICAL - 2025-11-13 14:55:58 --> [Caused by] CodeIgniter\Database\Exceptions\DatabaseException: Unknown column 'Usuarios.usuario_id' in 'where clause'
in SYSTEMPATH/Database/MySQLi/Connection.php on line 332.
 1 SYSTEMPATH/Database/BaseConnection.php(729): CodeIgniter\Database\MySQLi\Connection->execute()
 2 SYSTEMPATH/Database/BaseConnection.php(646): CodeIgniter\Database\BaseConnection->simpleQuery()
 3 SYSTEMPATH/Database/BaseBuilder.php(1649): CodeIgniter\Database\BaseConnection->query()
 4 SYSTEMPATH/Model.php(206): CodeIgniter\Database\BaseBuilder->get()
 5 SYSTEMPATH/BaseModel.php(611): CodeIgniter\Model->doFind()
 6 APPPATH/Controllers/Home.php(14): CodeIgniter\BaseModel->find()
 7 SYSTEMPATH/CodeIgniter.php(933): App\Controllers\Home->index()
 8 SYSTEMPATH/CodeIgniter.php(507): CodeIgniter\CodeIgniter->runController()
 9 SYSTEMPATH/CodeIgniter.php(354): CodeIgniter\CodeIgniter->handleRequest()
10 SYSTEMPATH/Boot.php(363): CodeIgniter\CodeIgniter->run()
11 SYSTEMPATH/Boot.php(68): CodeIgniter\Boot::runCodeIgniter()
12 FCPATH/index.php(59): CodeIgniter\Boot::bootWeb()
13 SYSTEMPATH/rewrite.php(44): require_once('/var/www/html/public/index.php')
CRITICAL - 2025-11-13 14:55:58 --> [Caused by] mysqli_sql_exception: Unknown column 'Usuarios.usuario_id' in 'where clause'
in SYSTEMPATH/Database/MySQLi/Connection.php on line 327.
 1 SYSTEMPATH/Database/MySQLi/Connection.php(327): mysqli->query()
 2 SYSTEMPATH/Database/BaseConnection.php(729): CodeIgniter\Database\MySQLi\Connection->execute()
 3 SYSTEMPATH/Database/BaseConnection.php(646): CodeIgniter\Database\BaseConnection->simpleQuery()
 4 SYSTEMPATH/Database/BaseBuilder.php(1649): CodeIgniter\Database\BaseConnection->query()
 5 SYSTEMPATH/Model.php(206): CodeIgniter\Database\BaseBuilder->get()
 6 SYSTEMPATH/BaseModel.php(611): CodeIgniter\Model->doFind()
 7 APPPATH/Controllers/Home.php(14): CodeIgniter\BaseModel->find()
 8 SYSTEMPATH/CodeIgniter.php(933): App\Controllers\Home->index()
 9 SYSTEMPATH/CodeIgniter.php(507): CodeIgniter\CodeIgniter->runController()
10 SYSTEMPATH/CodeIgniter.php(354): CodeIgniter\CodeIgniter->handleRequest()
11 SYSTEMPATH/Boot.php(363): CodeIgniter\CodeIgniter->run()
12 SYSTEMPATH/Boot.php(68): CodeIgniter\Boot::runCodeIgniter()
13 FCPATH/index.php(59): CodeIgniter\Boot::bootWeb()
14 SYSTEMPATH/rewrite.php(44): require_once('/var/www/html/public/index.php')
ERROR - 2025-11-13 14:56:48 --> mysqli_sql_exception: Unknown column 'Usuarios.usuario_id' in 'where clause' in /var/www/html/system/Database/MySQLi/Connection.php:327
Stack trace:
#0 /var/www/html/system/Database/MySQLi/Connection.php(327): mysqli->query()
#1 /var/www/html/system/Database/BaseConnection.php(729): CodeIgniter\Database\MySQLi\Connection->execute()
#2 /var/www/html/system/Database/BaseConnection.php(646): CodeIgniter\Database\BaseConnection->simpleQuery()
#3 /var/www/html/system/Database/BaseBuilder.php(1649): CodeIgniter\Database\BaseConnection->query()
#4 /var/www/html/system/Model.php(206): CodeIgniter\Database\BaseBuilder->get()
#5 /var/www/html/system/BaseModel.php(611): CodeIgniter\Model->doFind()
#6 /var/www/html/app/Controllers/Home.php(14): CodeIgniter\BaseModel->find()
#7 /var/www/html/system/CodeIgniter.php(933): App\Controllers\Home->index()
#8 /var/www/html/system/CodeIgniter.php(507): CodeIgniter\CodeIgniter->runController()
#9 /var/www/html/system/CodeIgniter.php(354): CodeIgniter\CodeIgniter->handleRequest()
#10 /var/www/html/system/Boot.php(363): CodeIgniter\CodeIgniter->run()
#11 /var/www/html/system/Boot.php(68): CodeIgniter\Boot::runCodeIgniter()
#12 /var/www/html/public/index.php(59): CodeIgniter\Boot::bootWeb()
#13 /var/www/html/system/rewrite.php(44): require_once('...')
#14 {main}
CRITICAL - 2025-11-13 14:56:48 --> CodeIgniter\Database\Exceptions\DatabaseException: Unknown column 'Usuarios.usuario_id' in 'where clause'
[Method: GET, Route: /]
in SYSTEMPATH/Database/BaseConnection.php on line 684.
 1 SYSTEMPATH/Database/BaseBuilder.php(1649): CodeIgniter\Database\BaseConnection->query()
 2 SYSTEMPATH/Model.php(206): CodeIgniter\Database\BaseBuilder->get()
 3 SYSTEMPATH/BaseModel.php(611): CodeIgniter\Model->doFind()
 4 APPPATH/Controllers/Home.php(14): CodeIgniter\BaseModel->find()
 5 SYSTEMPATH/CodeIgniter.php(933): App\Controllers\Home->index()
 6 SYSTEMPATH/CodeIgniter.php(507): CodeIgniter\CodeIgniter->runController()
 7 SYSTEMPATH/CodeIgniter.php(354): CodeIgniter\CodeIgniter->handleRequest()
 8 SYSTEMPATH/Boot.php(363): CodeIgniter\CodeIgniter->run()
 9 SYSTEMPATH/Boot.php(68): CodeIgniter\Boot::runCodeIgniter()
10 FCPATH/index.php(59): CodeIgniter\Boot::bootWeb()
11 SYSTEMPATH/rewrite.php(44): require_once('/var/www/html/public/index.php')
CRITICAL - 2025-11-13 14:56:48 --> [Caused by] CodeIgniter\Database\Exceptions\DatabaseException: Unknown column 'Usuarios.usuario_id' in 'where clause'
in SYSTEMPATH/Database/MySQLi/Connection.php on line 332.
 1 SYSTEMPATH/Database/BaseConnection.php(729): CodeIgniter\Database\MySQLi\Connection->execute()
 2 SYSTEMPATH/Database/BaseConnection.php(646): CodeIgniter\Database\BaseConnection->simpleQuery()
 3 SYSTEMPATH/Database/BaseBuilder.php(1649): CodeIgniter\Database\BaseConnection->query()
 4 SYSTEMPATH/Model.php(206): CodeIgniter\Database\BaseBuilder->get()
 5 SYSTEMPATH/BaseModel.php(611): CodeIgniter\Model->doFind()
 6 APPPATH/Controllers/Home.php(14): CodeIgniter\BaseModel->find()
 7 SYSTEMPATH/CodeIgniter.php(933): App\Controllers\Home->index()
 8 SYSTEMPATH/CodeIgniter.php(507): CodeIgniter\CodeIgniter->runController()
 9 SYSTEMPATH/CodeIgniter.php(354): CodeIgniter\CodeIgniter->handleRequest()
10 SYSTEMPATH/Boot.php(363): CodeIgniter\CodeIgniter->run()
11 SYSTEMPATH/Boot.php(68): CodeIgniter\Boot::runCodeIgniter()
12 FCPATH/index.php(59): CodeIgniter\Boot::bootWeb()
13 SYSTEMPATH/rewrite.php(44): require_once('/var/www/html/public/index.php')
CRITICAL - 2025-11-13 14:56:48 --> [Caused by] mysqli_sql_exception: Unknown column 'Usuarios.usuario_id' in 'where clause'
in SYSTEMPATH/Database/MySQLi/Connection.php on line 327.
 1 SYSTEMPATH/Database/MySQLi/Connection.php(327): mysqli->query()
 2 SYSTEMPATH/Database/BaseConnection.php(729): CodeIgniter\Database\MySQLi\Connection->execute()
 3 SYSTEMPATH/Database/BaseConnection.php(646): CodeIgniter\Database\BaseConnection->simpleQuery()
 4 SYSTEMPATH/Database/BaseBuilder.php(1649): CodeIgniter\Database\BaseConnection->query()
 5 SYSTEMPATH/Model.php(206): CodeIgniter\Database\BaseBuilder->get()
 6 SYSTEMPATH/BaseModel.php(611): CodeIgniter\Model->doFind()
 7 APPPATH/Controllers/Home.php(14): CodeIgniter\BaseModel->find()
 8 SYSTEMPATH/CodeIgniter.php(933): App\Controllers\Home->index()
 9 SYSTEMPATH/CodeIgniter.php(507): CodeIgniter\CodeIgniter->runController()
10 SYSTEMPATH/CodeIgniter.php(354): CodeIgniter\CodeIgniter->handleRequest()
11 SYSTEMPATH/Boot.php(363): CodeIgniter\CodeIgniter->run()
12 SYSTEMPATH/Boot.php(68): CodeIgniter\Boot::runCodeIgniter()
13 FCPATH/index.php(59): CodeIgniter\Boot::bootWeb()
14 SYSTEMPATH/rewrite.php(44): require_once('/var/www/html/public/index.php')
ERROR - 2025-11-13 14:57:13 --> mysqli_sql_exception: Unknown column 'Usuarios.usuario_id' in 'where clause' in /var/www/html/system/Database/MySQLi/Connection.php:327
Stack trace:
#0 /var/www/html/system/Database/MySQLi/Connection.php(327): mysqli->query()
#1 /var/www/html/system/Database/BaseConnection.php(729): CodeIgniter\Database\MySQLi\Connection->execute()
#2 /var/www/html/system/Database/BaseConnection.php(646): CodeIgniter\Database\BaseConnection->simpleQuery()
#3 /var/www/html/system/Database/BaseBuilder.php(1649): CodeIgniter\Database\BaseConnection->query()
#4 /var/www/html/system/Model.php(206): CodeIgniter\Database\BaseBuilder->get()
#5 /var/www/html/system/BaseModel.php(611): CodeIgniter\Model->doFind()
#6 /var/www/html/app/Controllers/Home.php(14): CodeIgniter\BaseModel->find()
#7 /var/www/html/system/CodeIgniter.php(933): App\Controllers\Home->index()
#8 /var/www/html/system/CodeIgniter.php(507): CodeIgniter\CodeIgniter->runController()
#9 /var/www/html/system/CodeIgniter.php(354): CodeIgniter\CodeIgniter->handleRequest()
#10 /var/www/html/system/Boot.php(363): CodeIgniter\CodeIgniter->run()
#11 /var/www/html/system/Boot.php(68): CodeIgniter\Boot::runCodeIgniter()
#12 /var/www/html/public/index.php(59): CodeIgniter\Boot::bootWeb()
#13 /var/www/html/system/rewrite.php(44): require_once('...')
#14 {main}
CRITICAL - 2025-11-13 14:57:13 --> CodeIgniter\Database\Exceptions\DatabaseException: Unknown column 'Usuarios.usuario_id' in 'where clause'
[Method: GET, Route: /]
in SYSTEMPATH/Database/BaseConnection.php on line 684.
 1 SYSTEMPATH/Database/BaseBuilder.php(1649): CodeIgniter\Database\BaseConnection->query()
 2 SYSTEMPATH/Model.php(206): CodeIgniter\Database\BaseBuilder->get()
 3 SYSTEMPATH/BaseModel.php(611): CodeIgniter\Model->doFind()
 4 APPPATH/Controllers/Home.php(14): CodeIgniter\BaseModel->find()
 5 SYSTEMPATH/CodeIgniter.php(933): App\Controllers\Home->index()
 6 SYSTEMPATH/CodeIgniter.php(507): CodeIgniter\CodeIgniter->runController()
 7 SYSTEMPATH/CodeIgniter.php(354): CodeIgniter\CodeIgniter->handleRequest()
 8 SYSTEMPATH/Boot.php(363): CodeIgniter\CodeIgniter->run()
 9 SYSTEMPATH/Boot.php(68): CodeIgniter\Boot::runCodeIgniter()
10 FCPATH/index.php(59): CodeIgniter\Boot::bootWeb()
11 SYSTEMPATH/rewrite.php(44): require_once('/var/www/html/public/index.php')
CRITICAL - 2025-11-13 14:57:13 --> [Caused by] CodeIgniter\Database\Exceptions\DatabaseException: Unknown column 'Usuarios.usuario_id' in 'where clause'
in SYSTEMPATH/Database/MySQLi/Connection.php on line 332.
 1 SYSTEMPATH/Database/BaseConnection.php(729): CodeIgniter\Database\MySQLi\Connection->execute()
 2 SYSTEMPATH/Database/BaseConnection.php(646): CodeIgniter\Database\BaseConnection->simpleQuery()
 3 SYSTEMPATH/Database/BaseBuilder.php(1649): CodeIgniter\Database\BaseConnection->query()
 4 SYSTEMPATH/Model.php(206): CodeIgniter\Database\BaseBuilder->get()
 5 SYSTEMPATH/BaseModel.php(611): CodeIgniter\Model->doFind()
 6 APPPATH/Controllers/Home.php(14): CodeIgniter\BaseModel->find()
 7 SYSTEMPATH/CodeIgniter.php(933): App\Controllers\Home->index()
 8 SYSTEMPATH/CodeIgniter.php(507): CodeIgniter\CodeIgniter->runController()
 9 SYSTEMPATH/CodeIgniter.php(354): CodeIgniter\CodeIgniter->handleRequest()
10 SYSTEMPATH/Boot.php(363): CodeIgniter\CodeIgniter->run()
11 SYSTEMPATH/Boot.php(68): CodeIgniter\Boot::runCodeIgniter()
12 FCPATH/index.php(59): CodeIgniter\Boot::bootWeb()
13 SYSTEMPATH/rewrite.php(44): require_once('/var/www/html/public/index.php')
CRITICAL - 2025-11-13 14:57:13 --> [Caused by] mysqli_sql_exception: Unknown column 'Usuarios.usuario_id' in 'where clause'
in SYSTEMPATH/Database/MySQLi/Connection.php on line 327.
 1 SYSTEMPATH/Database/MySQLi/Connection.php(327): mysqli->query()
 2 SYSTEMPATH/Database/BaseConnection.php(729): CodeIgniter\Database\MySQLi\Connection->execute()
 3 SYSTEMPATH/Database/BaseConnection.php(646): CodeIgniter\Database\BaseConnection->simpleQuery()
 4 SYSTEMPATH/Database/BaseBuilder.php(1649): CodeIgniter\Database\BaseConnection->query()
 5 SYSTEMPATH/Model.php(206): CodeIgniter\Database\BaseBuilder->get()
 6 SYSTEMPATH/BaseModel.php(611): CodeIgniter\Model->doFind()
 7 APPPATH/Controllers/Home.php(14): CodeIgniter\BaseModel->find()
 8 SYSTEMPATH/CodeIgniter.php(933): App\Controllers\Home->index()
 9 SYSTEMPATH/CodeIgniter.php(507): CodeIgniter\CodeIgniter->runController()
10 SYSTEMPATH/CodeIgniter.php(354): CodeIgniter\CodeIgniter->handleRequest()
11 SYSTEMPATH/Boot.php(363): CodeIgniter\CodeIgniter->run()
12 SYSTEMPATH/Boot.php(68): CodeIgniter\Boot::runCodeIgniter()
13 FCPATH/index.php(59): CodeIgniter\Boot::bootWeb()
14 SYSTEMPATH/rewrite.php(44): require_once('/var/www/html/public/index.php')
ERROR - 2025-11-13 14:57:27 --> mysqli_sql_exception: Unknown column 'Usuarios.usuario_id' in 'where clause' in /var/www/html/system/Database/MySQLi/Connection.php:327
Stack trace:
#0 /var/www/html/system/Database/MySQLi/Connection.php(327): mysqli->query()
#1 /var/www/html/system/Database/BaseConnection.php(729): CodeIgniter\Database\MySQLi\Connection->execute()
#2 /var/www/html/system/Database/BaseConnection.php(646): CodeIgniter\Database\BaseConnection->simpleQuery()
#3 /var/www/html/system/Database/BaseBuilder.php(1649): CodeIgniter\Database\BaseConnection->query()
#4 /var/www/html/system/Model.php(206): CodeIgniter\Database\BaseBuilder->get()
#5 /var/www/html/system/BaseModel.php(611): CodeIgniter\Model->doFind()
#6 /var/www/html/app/Controllers/Home.php(14): CodeIgniter\BaseModel->find()
#7 /var/www/html/system/CodeIgniter.php(933): App\Controllers\Home->index()
#8 /var/www/html/system/CodeIgniter.php(507): CodeIgniter\CodeIgniter->runController()
#9 /var/www/html/system/CodeIgniter.php(354): CodeIgniter\CodeIgniter->handleRequest()
#10 /var/www/html/system/Boot.php(363): CodeIgniter\CodeIgniter->run()
#11 /var/www/html/system/Boot.php(68): CodeIgniter\Boot::runCodeIgniter()
#12 /var/www/html/public/index.php(59): CodeIgniter\Boot::bootWeb()
#13 /var/www/html/system/rewrite.php(44): require_once('...')
#14 {main}
CRITICAL - 2025-11-13 14:57:27 --> CodeIgniter\Database\Exceptions\DatabaseException: Unknown column 'Usuarios.usuario_id' in 'where clause'
[Method: GET, Route: /]
in SYSTEMPATH/Database/BaseConnection.php on line 684.
 1 SYSTEMPATH/Database/BaseBuilder.php(1649): CodeIgniter\Database\BaseConnection->query()
 2 SYSTEMPATH/Model.php(206): CodeIgniter\Database\BaseBuilder->get()
 3 SYSTEMPATH/BaseModel.php(611): CodeIgniter\Model->doFind()
 4 APPPATH/Controllers/Home.php(14): CodeIgniter\BaseModel->find()
 5 SYSTEMPATH/CodeIgniter.php(933): App\Controllers\Home->index()
 6 SYSTEMPATH/CodeIgniter.php(507): CodeIgniter\CodeIgniter->runController()
 7 SYSTEMPATH/CodeIgniter.php(354): CodeIgniter\CodeIgniter->handleRequest()
 8 SYSTEMPATH/Boot.php(363): CodeIgniter\CodeIgniter->run()
 9 SYSTEMPATH/Boot.php(68): CodeIgniter\Boot::runCodeIgniter()
10 FCPATH/index.php(59): CodeIgniter\Boot::bootWeb()
11 SYSTEMPATH/rewrite.php(44): require_once('/var/www/html/public/index.php')
CRITICAL - 2025-11-13 14:57:27 --> [Caused by] CodeIgniter\Database\Exceptions\DatabaseException: Unknown column 'Usuarios.usuario_id' in 'where clause'
in SYSTEMPATH/Database/MySQLi/Connection.php on line 332.
 1 SYSTEMPATH/Database/BaseConnection.php(729): CodeIgniter\Database\MySQLi\Connection->execute()
 2 SYSTEMPATH/Database/BaseConnection.php(646): CodeIgniter\Database\BaseConnection->simpleQuery()
 3 SYSTEMPATH/Database/BaseBuilder.php(1649): CodeIgniter\Database\BaseConnection->query()
 4 SYSTEMPATH/Model.php(206): CodeIgniter\Database\BaseBuilder->get()
 5 SYSTEMPATH/BaseModel.php(611): CodeIgniter\Model->doFind()
 6 APPPATH/Controllers/Home.php(14): CodeIgniter\BaseModel->find()
 7 SYSTEMPATH/CodeIgniter.php(933): App\Controllers\Home->index()
 8 SYSTEMPATH/CodeIgniter.php(507): CodeIgniter\CodeIgniter->runController()
 9 SYSTEMPATH/CodeIgniter.php(354): CodeIgniter\CodeIgniter->handleRequest()
10 SYSTEMPATH/Boot.php(363): CodeIgniter\CodeIgniter->run()
11 SYSTEMPATH/Boot.php(68): CodeIgniter\Boot::runCodeIgniter()
12 FCPATH/index.php(59): CodeIgniter\Boot::bootWeb()
13 SYSTEMPATH/rewrite.php(44): require_once('/var/www/html/public/index.php')
CRITICAL - 2025-11-13 14:57:27 --> [Caused by] mysqli_sql_exception: Unknown column 'Usuarios.usuario_id' in 'where clause'
in SYSTEMPATH/Database/MySQLi/Connection.php on line 327.
 1 SYSTEMPATH/Database/MySQLi/Connection.php(327): mysqli->query()
 2 SYSTEMPATH/Database/BaseConnection.php(729): CodeIgniter\Database\MySQLi\Connection->execute()
 3 SYSTEMPATH/Database/BaseConnection.php(646): CodeIgniter\Database\BaseConnection->simpleQuery()
 4 SYSTEMPATH/Database/BaseBuilder.php(1649): CodeIgniter\Database\BaseConnection->query()
 5 SYSTEMPATH/Model.php(206): CodeIgniter\Database\BaseBuilder->get()
 6 SYSTEMPATH/BaseModel.php(611): CodeIgniter\Model->doFind()
 7 APPPATH/Controllers/Home.php(14): CodeIgniter\BaseModel->find()
 8 SYSTEMPATH/CodeIgniter.php(933): App\Controllers\Home->index()
 9 SYSTEMPATH/CodeIgniter.php(507): CodeIgniter\CodeIgniter->runController()
10 SYSTEMPATH/CodeIgniter.php(354): CodeIgniter\CodeIgniter->handleRequest()
11 SYSTEMPATH/Boot.php(363): CodeIgniter\CodeIgniter->run()
12 SYSTEMPATH/Boot.php(68): CodeIgniter\Boot::runCodeIgniter()
13 FCPATH/index.php(59): CodeIgniter\Boot::bootWeb()
14 SYSTEMPATH/rewrite.php(44): require_once('/var/www/html/public/index.php')
ERROR - 2025-11-13 15:07:21 --> mysqli_sql_exception: Unknown column 'usuario_id' in 'field list' in /var/www/html/system/Database/MySQLi/Connection.php:327
Stack trace:
#0 /var/www/html/system/Database/MySQLi/Connection.php(327): mysqli->query()
#1 /var/www/html/system/Database/BaseConnection.php(729): CodeIgniter\Database\MySQLi\Connection->execute()
#2 /var/www/html/system/Database/BaseConnection.php(646): CodeIgniter\Database\BaseConnection->simpleQuery()
#3 /var/www/html/system/Database/BaseBuilder.php(1649): CodeIgniter\Database\BaseConnection->query()
#4 /var/www/html/system/Model.php(213): CodeIgniter\Database\BaseBuilder->get()
#5 /var/www/html/system/BaseModel.php(611): CodeIgniter\Model->doFind()
#6 /var/www/html/system/Model.php(252): CodeIgniter\BaseModel->find()
#7 /var/www/html/system/BaseModel.php(642): CodeIgniter\Model->doFindColumn()
#8 /var/www/html/app/Controllers/Home.php(14): CodeIgniter\BaseModel->findColumn()
#9 /var/www/html/system/CodeIgniter.php(933): App\Controllers\Home->index()
#10 /var/www/html/system/CodeIgniter.php(507): CodeIgniter\CodeIgniter->runController()
#11 /var/www/html/system/CodeIgniter.php(354): CodeIgniter\CodeIgniter->handleRequest()
#12 /var/www/html/system/Boot.php(363): CodeIgniter\CodeIgniter->run()
#13 /var/www/html/system/Boot.php(68): CodeIgniter\Boot::runCodeIgniter()
#14 /var/www/html/public/index.php(59): CodeIgniter\Boot::bootWeb()
#15 /var/www/html/system/rewrite.php(44): require_once('...')
#16 {main}
CRITICAL - 2025-11-13 15:07:21 --> CodeIgniter\Database\Exceptions\DatabaseException: Unknown column 'usuario_id' in 'field list'
[Method: GET, Route: /]
in SYSTEMPATH/Database/BaseConnection.php on line 684.
 1 SYSTEMPATH/Database/BaseBuilder.php(1649): CodeIgniter\Database\BaseConnection->query()
 2 SYSTEMPATH/Model.php(213): CodeIgniter\Database\BaseBuilder->get()
 3 SYSTEMPATH/BaseModel.php(611): CodeIgniter\Model->doFind()
 4 SYSTEMPATH/Model.php(252): CodeIgniter\BaseModel->find()
 5 SYSTEMPATH/BaseModel.php(642): CodeIgniter\Model->doFindColumn()
 6 APPPATH/Controllers/Home.php(14): CodeIgniter\BaseModel->findColumn()
 7 SYSTEMPATH/CodeIgniter.php(933): App\Controllers\Home->index()
 8 SYSTEMPATH/CodeIgniter.php(507): CodeIgniter\CodeIgniter->runController()
 9 SYSTEMPATH/CodeIgniter.php(354): CodeIgniter\CodeIgniter->handleRequest()
10 SYSTEMPATH/Boot.php(363): CodeIgniter\CodeIgniter->run()
11 SYSTEMPATH/Boot.php(68): CodeIgniter\Boot::runCodeIgniter()
12 FCPATH/index.php(59): CodeIgniter\Boot::bootWeb()
13 SYSTEMPATH/rewrite.php(44): require_once('/var/www/html/public/index.php')
CRITICAL - 2025-11-13 15:07:21 --> [Caused by] CodeIgniter\Database\Exceptions\DatabaseException: Unknown column 'usuario_id' in 'field list'
in SYSTEMPATH/Database/MySQLi/Connection.php on line 332.
 1 SYSTEMPATH/Database/BaseConnection.php(729): CodeIgniter\Database\MySQLi\Connection->execute()
 2 SYSTEMPATH/Database/BaseConnection.php(646): CodeIgniter\Database\BaseConnection->simpleQuery()
 3 SYSTEMPATH/Database/BaseBuilder.php(1649): CodeIgniter\Database\BaseConnection->query()
 4 SYSTEMPATH/Model.php(213): CodeIgniter\Database\BaseBuilder->get()
 5 SYSTEMPATH/BaseModel.php(611): CodeIgniter\Model->doFind()
 6 SYSTEMPATH/Model.php(252): CodeIgniter\BaseModel->find()
 7 SYSTEMPATH/BaseModel.php(642): CodeIgniter\Model->doFindColumn()
 8 APPPATH/Controllers/Home.php(14): CodeIgniter\BaseModel->findColumn()
 9 SYSTEMPATH/CodeIgniter.php(933): App\Controllers\Home->index()
10 SYSTEMPATH/CodeIgniter.php(507): CodeIgniter\CodeIgniter->runController()
11 SYSTEMPATH/CodeIgniter.php(354): CodeIgniter\CodeIgniter->handleRequest()
12 SYSTEMPATH/Boot.php(363): CodeIgniter\CodeIgniter->run()
13 SYSTEMPATH/Boot.php(68): CodeIgniter\Boot::runCodeIgniter()
14 FCPATH/index.php(59): CodeIgniter\Boot::bootWeb()
15 SYSTEMPATH/rewrite.php(44): require_once('/var/www/html/public/index.php')
CRITICAL - 2025-11-13 15:07:21 --> [Caused by] mysqli_sql_exception: Unknown column 'usuario_id' in 'field list'
in SYSTEMPATH/Database/MySQLi/Connection.php on line 327.
 1 SYSTEMPATH/Database/MySQLi/Connection.php(327): mysqli->query()
 2 SYSTEMPATH/Database/BaseConnection.php(729): CodeIgniter\Database\MySQLi\Connection->execute()
 3 SYSTEMPATH/Database/BaseConnection.php(646): CodeIgniter\Database\BaseConnection->simpleQuery()
 4 SYSTEMPATH/Database/BaseBuilder.php(1649): CodeIgniter\Database\BaseConnection->query()
 5 SYSTEMPATH/Model.php(213): CodeIgniter\Database\BaseBuilder->get()
 6 SYSTEMPATH/BaseModel.php(611): CodeIgniter\Model->doFind()
 7 SYSTEMPATH/Model.php(252): CodeIgniter\BaseModel->find()
 8 SYSTEMPATH/BaseModel.php(642): CodeIgniter\Model->doFindColumn()
 9 APPPATH/Controllers/Home.php(14): CodeIgniter\BaseModel->findColumn()
10 SYSTEMPATH/CodeIgniter.php(933): App\Controllers\Home->index()
11 SYSTEMPATH/CodeIgniter.php(507): CodeIgniter\CodeIgniter->runController()
12 SYSTEMPATH/CodeIgniter.php(354): CodeIgniter\CodeIgniter->handleRequest()
13 SYSTEMPATH/Boot.php(363): CodeIgniter\CodeIgniter->run()
14 SYSTEMPATH/Boot.php(68): CodeIgniter\Boot::runCodeIgniter()
15 FCPATH/index.php(59): CodeIgniter\Boot::bootWeb()
16 SYSTEMPATH/rewrite.php(44): require_once('/var/www/html/public/index.php')
CRITICAL - 2025-11-13 15:43:49 --> Error: Class "App\Models\HistorialdePagoModel" not found
[Method: GET, Route: /]
in APPPATH/Controllers/Home.php on line 13.
 1 SYSTEMPATH/CodeIgniter.php(933): App\Controllers\Home->index()
 2 SYSTEMPATH/CodeIgniter.php(507): CodeIgniter\CodeIgniter->runController()
 3 SYSTEMPATH/CodeIgniter.php(354): CodeIgniter\CodeIgniter->handleRequest()
 4 SYSTEMPATH/Boot.php(363): CodeIgniter\CodeIgniter->run()
 5 SYSTEMPATH/Boot.php(68): CodeIgniter\Boot::runCodeIgniter()
 6 FCPATH/index.php(59): CodeIgniter\Boot::bootWeb()
 7 SYSTEMPATH/rewrite.php(44): require_once('/var/www/html/public/index.php')
ERROR - 2025-11-13 15:44:50 --> mysqli_sql_exception: Table 'Transporte.HistorialdePago' doesn't exist in /var/www/html/system/Database/MySQLi/Connection.php:327
Stack trace:
#0 /var/www/html/system/Database/MySQLi/Connection.php(327): mysqli->query()
#1 /var/www/html/system/Database/BaseConnection.php(729): CodeIgniter\Database\MySQLi\Connection->execute()
#2 /var/www/html/system/Database/BaseConnection.php(646): CodeIgniter\Database\BaseConnection->simpleQuery()
#3 /var/www/html/system/Database/BaseBuilder.php(1649): CodeIgniter\Database\BaseConnection->query()
#4 /var/www/html/system/Model.php(210): CodeIgniter\Database\BaseBuilder->get()
#5 /var/www/html/system/BaseModel.php(611): CodeIgniter\Model->doFind()
#6 /var/www/html/app/Controllers/Home.php(14): CodeIgniter\BaseModel->find()
#7 /var/www/html/system/CodeIgniter.php(933): App\Controllers\Home->index()
#8 /var/www/html/system/CodeIgniter.php(507): CodeIgniter\CodeIgniter->runController()
#9 /var/www/html/system/CodeIgniter.php(354): CodeIgniter\CodeIgniter->handleRequest()
#10 /var/www/html/system/Boot.php(363): CodeIgniter\CodeIgniter->run()
#11 /var/www/html/system/Boot.php(68): CodeIgniter\Boot::runCodeIgniter()
#12 /var/www/html/public/index.php(59): CodeIgniter\Boot::bootWeb()
#13 /var/www/html/system/rewrite.php(44): require_once('...')
#14 {main}
CRITICAL - 2025-11-13 15:44:50 --> CodeIgniter\Database\Exceptions\DatabaseException: Table 'Transporte.HistorialdePago' doesn't exist
[Method: GET, Route: /]
in SYSTEMPATH/Database/BaseConnection.php on line 684.
 1 SYSTEMPATH/Database/BaseBuilder.php(1649): CodeIgniter\Database\BaseConnection->query()
 2 SYSTEMPATH/Model.php(210): CodeIgniter\Database\BaseBuilder->get()
 3 SYSTEMPATH/BaseModel.php(611): CodeIgniter\Model->doFind()
 4 APPPATH/Controllers/Home.php(14): CodeIgniter\BaseModel->find()
 5 SYSTEMPATH/CodeIgniter.php(933): App\Controllers\Home->index()
 6 SYSTEMPATH/CodeIgniter.php(507): CodeIgniter\CodeIgniter->runController()
 7 SYSTEMPATH/CodeIgniter.php(354): CodeIgniter\CodeIgniter->handleRequest()
 8 SYSTEMPATH/Boot.php(363): CodeIgniter\CodeIgniter->run()
 9 SYSTEMPATH/Boot.php(68): CodeIgniter\Boot::runCodeIgniter()
10 FCPATH/index.php(59): CodeIgniter\Boot::bootWeb()
11 SYSTEMPATH/rewrite.php(44): require_once('/var/www/html/public/index.php')
CRITICAL - 2025-11-13 15:44:50 --> [Caused by] CodeIgniter\Database\Exceptions\DatabaseException: Table 'Transporte.HistorialdePago' doesn't exist
in SYSTEMPATH/Database/MySQLi/Connection.php on line 332.
 1 SYSTEMPATH/Database/BaseConnection.php(729): CodeIgniter\Database\MySQLi\Connection->execute()
 2 SYSTEMPATH/Database/BaseConnection.php(646): CodeIgniter\Database\BaseConnection->simpleQuery()
 3 SYSTEMPATH/Database/BaseBuilder.php(1649): CodeIgniter\Database\BaseConnection->query()
 4 SYSTEMPATH/Model.php(210): CodeIgniter\Database\BaseBuilder->get()
 5 SYSTEMPATH/BaseModel.php(611): CodeIgniter\Model->doFind()
 6 APPPATH/Controllers/Home.php(14): CodeIgniter\BaseModel->find()
 7 SYSTEMPATH/CodeIgniter.php(933): App\Controllers\Home->index()
 8 SYSTEMPATH/CodeIgniter.php(507): CodeIgniter\CodeIgniter->runController()
 9 SYSTEMPATH/CodeIgniter.php(354): CodeIgniter\CodeIgniter->handleRequest()
10 SYSTEMPATH/Boot.php(363): CodeIgniter\CodeIgniter->run()
11 SYSTEMPATH/Boot.php(68): CodeIgniter\Boot::runCodeIgniter()
12 FCPATH/index.php(59): CodeIgniter\Boot::bootWeb()
13 SYSTEMPATH/rewrite.php(44): require_once('/var/www/html/public/index.php')
CRITICAL - 2025-11-13 15:44:50 --> [Caused by] mysqli_sql_exception: Table 'Transporte.HistorialdePago' doesn't exist
in SYSTEMPATH/Database/MySQLi/Connection.php on line 327.
 1 SYSTEMPATH/Database/MySQLi/Connection.php(327): mysqli->query()
 2 SYSTEMPATH/Database/BaseConnection.php(729): CodeIgniter\Database\MySQLi\Connection->execute()
 3 SYSTEMPATH/Database/BaseConnection.php(646): CodeIgniter\Database\BaseConnection->simpleQuery()
 4 SYSTEMPATH/Database/BaseBuilder.php(1649): CodeIgniter\Database\BaseConnection->query()
 5 SYSTEMPATH/Model.php(210): CodeIgniter\Database\BaseBuilder->get()
 6 SYSTEMPATH/BaseModel.php(611): CodeIgniter\Model->doFind()
 7 APPPATH/Controllers/Home.php(14): CodeIgniter\BaseModel->find()
 8 SYSTEMPATH/CodeIgniter.php(933): App\Controllers\Home->index()
 9 SYSTEMPATH/CodeIgniter.php(507): CodeIgniter\CodeIgniter->runController()
10 SYSTEMPATH/CodeIgniter.php(354): CodeIgniter\CodeIgniter->handleRequest()
11 SYSTEMPATH/Boot.php(363): CodeIgniter\CodeIgniter->run()
12 SYSTEMPATH/Boot.php(68): CodeIgniter\Boot::runCodeIgniter()
13 FCPATH/index.php(59): CodeIgniter\Boot::bootWeb()
14 SYSTEMPATH/rewrite.php(44): require_once('/var/www/html/public/index.php')
ERROR - 2025-11-13 15:46:15 --> mysqli_sql_exception: Table 'Transporte.HistorialdePago' doesn't exist in /var/www/html/system/Database/MySQLi/Connection.php:327
Stack trace:
#0 /var/www/html/system/Database/MySQLi/Connection.php(327): mysqli->query()
#1 /var/www/html/system/Database/BaseConnection.php(729): CodeIgniter\Database\MySQLi\Connection->execute()
#2 /var/www/html/system/Database/BaseConnection.php(646): CodeIgniter\Database\BaseConnection->simpleQuery()
#3 /var/www/html/system/Database/BaseBuilder.php(1649): CodeIgniter\Database\BaseConnection->query()
#4 /var/www/html/system/Model.php(210): CodeIgniter\Database\BaseBuilder->get()
#5 /var/www/html/system/BaseModel.php(611): CodeIgniter\Model->doFind()
#6 /var/www/html/app/Controllers/Home.php(14): CodeIgniter\BaseModel->find()
#7 /var/www/html/system/CodeIgniter.php(933): App\Controllers\Home->index()
#8 /var/www/html/system/CodeIgniter.php(507): CodeIgniter\CodeIgniter->runController()
#9 /var/www/html/system/CodeIgniter.php(354): CodeIgniter\CodeIgniter->handleRequest()
#10 /var/www/html/system/Boot.php(363): CodeIgniter\CodeIgniter->run()
#11 /var/www/html/system/Boot.php(68): CodeIgniter\Boot::runCodeIgniter()
#12 /var/www/html/public/index.php(59): CodeIgniter\Boot::bootWeb()
#13 /var/www/html/system/rewrite.php(44): require_once('...')
#14 {main}
CRITICAL - 2025-11-13 15:46:15 --> CodeIgniter\Database\Exceptions\DatabaseException: Table 'Transporte.HistorialdePago' doesn't exist
[Method: GET, Route: /]
in SYSTEMPATH/Database/BaseConnection.php on line 684.
 1 SYSTEMPATH/Database/BaseBuilder.php(1649): CodeIgniter\Database\BaseConnection->query()
 2 SYSTEMPATH/Model.php(210): CodeIgniter\Database\BaseBuilder->get()
 3 SYSTEMPATH/BaseModel.php(611): CodeIgniter\Model->doFind()
 4 APPPATH/Controllers/Home.php(14): CodeIgniter\BaseModel->find()
 5 SYSTEMPATH/CodeIgniter.php(933): App\Controllers\Home->index()
 6 SYSTEMPATH/CodeIgniter.php(507): CodeIgniter\CodeIgniter->runController()
 7 SYSTEMPATH/CodeIgniter.php(354): CodeIgniter\CodeIgniter->handleRequest()
 8 SYSTEMPATH/Boot.php(363): CodeIgniter\CodeIgniter->run()
 9 SYSTEMPATH/Boot.php(68): CodeIgniter\Boot::runCodeIgniter()
10 FCPATH/index.php(59): CodeIgniter\Boot::bootWeb()
11 SYSTEMPATH/rewrite.php(44): require_once('/var/www/html/public/index.php')
CRITICAL - 2025-11-13 15:46:15 --> [Caused by] CodeIgniter\Database\Exceptions\DatabaseException: Table 'Transporte.HistorialdePago' doesn't exist
in SYSTEMPATH/Database/MySQLi/Connection.php on line 332.
 1 SYSTEMPATH/Database/BaseConnection.php(729): CodeIgniter\Database\MySQLi\Connection->execute()
 2 SYSTEMPATH/Database/BaseConnection.php(646): CodeIgniter\Database\BaseConnection->simpleQuery()
 3 SYSTEMPATH/Database/BaseBuilder.php(1649): CodeIgniter\Database\BaseConnection->query()
 4 SYSTEMPATH/Model.php(210): CodeIgniter\Database\BaseBuilder->get()
 5 SYSTEMPATH/BaseModel.php(611): CodeIgniter\Model->doFind()
 6 APPPATH/Controllers/Home.php(14): CodeIgniter\BaseModel->find()
 7 SYSTEMPATH/CodeIgniter.php(933): App\Controllers\Home->index()
 8 SYSTEMPATH/CodeIgniter.php(507): CodeIgniter\CodeIgniter->runController()
 9 SYSTEMPATH/CodeIgniter.php(354): CodeIgniter\CodeIgniter->handleRequest()
10 SYSTEMPATH/Boot.php(363): CodeIgniter\CodeIgniter->run()
11 SYSTEMPATH/Boot.php(68): CodeIgniter\Boot::runCodeIgniter()
12 FCPATH/index.php(59): CodeIgniter\Boot::bootWeb()
13 SYSTEMPATH/rewrite.php(44): require_once('/var/www/html/public/index.php')
CRITICAL - 2025-11-13 15:46:15 --> [Caused by] mysqli_sql_exception: Table 'Transporte.HistorialdePago' doesn't exist
in SYSTEMPATH/Database/MySQLi/Connection.php on line 327.
 1 SYSTEMPATH/Database/MySQLi/Connection.php(327): mysqli->query()
 2 SYSTEMPATH/Database/BaseConnection.php(729): CodeIgniter\Database\MySQLi\Connection->execute()
 3 SYSTEMPATH/Database/BaseConnection.php(646): CodeIgniter\Database\BaseConnection->simpleQuery()
 4 SYSTEMPATH/Database/BaseBuilder.php(1649): CodeIgniter\Database\BaseConnection->query()
 5 SYSTEMPATH/Model.php(210): CodeIgniter\Database\BaseBuilder->get()
 6 SYSTEMPATH/BaseModel.php(611): CodeIgniter\Model->doFind()
 7 APPPATH/Controllers/Home.php(14): CodeIgniter\BaseModel->find()
 8 SYSTEMPATH/CodeIgniter.php(933): App\Controllers\Home->index()
 9 SYSTEMPATH/CodeIgniter.php(507): CodeIgniter\CodeIgniter->runController()
10 SYSTEMPATH/CodeIgniter.php(354): CodeIgniter\CodeIgniter->handleRequest()
11 SYSTEMPATH/Boot.php(363): CodeIgniter\CodeIgniter->run()
12 SYSTEMPATH/Boot.php(68): CodeIgniter\Boot::runCodeIgniter()
13 FCPATH/index.php(59): CodeIgniter\Boot::bootWeb()
14 SYSTEMPATH/rewrite.php(44): require_once('/var/www/html/public/index.php')
ERROR - 2025-11-13 15:46:17 --> mysqli_sql_exception: Table 'Transporte.HistorialdePago' doesn't exist in /var/www/html/system/Database/MySQLi/Connection.php:327
Stack trace:
#0 /var/www/html/system/Database/MySQLi/Connection.php(327): mysqli->query()
#1 /var/www/html/system/Database/BaseConnection.php(729): CodeIgniter\Database\MySQLi\Connection->execute()
#2 /var/www/html/system/Database/BaseConnection.php(646): CodeIgniter\Database\BaseConnection->simpleQuery()
#3 /var/www/html/system/Database/BaseBuilder.php(1649): CodeIgniter\Database\BaseConnection->query()
#4 /var/www/html/system/Model.php(210): CodeIgniter\Database\BaseBuilder->get()
#5 /var/www/html/system/BaseModel.php(611): CodeIgniter\Model->doFind()
#6 /var/www/html/app/Controllers/Home.php(14): CodeIgniter\BaseModel->find()
#7 /var/www/html/system/CodeIgniter.php(933): App\Controllers\Home->index()
#8 /var/www/html/system/CodeIgniter.php(507): CodeIgniter\CodeIgniter->runController()
#9 /var/www/html/system/CodeIgniter.php(354): CodeIgniter\CodeIgniter->handleRequest()
#10 /var/www/html/system/Boot.php(363): CodeIgniter\CodeIgniter->run()
#11 /var/www/html/system/Boot.php(68): CodeIgniter\Boot::runCodeIgniter()
#12 /var/www/html/public/index.php(59): CodeIgniter\Boot::bootWeb()
#13 /var/www/html/system/rewrite.php(44): require_once('...')
#14 {main}
CRITICAL - 2025-11-13 15:46:17 --> CodeIgniter\Database\Exceptions\DatabaseException: Table 'Transporte.HistorialdePago' doesn't exist
[Method: GET, Route: /]
in SYSTEMPATH/Database/BaseConnection.php on line 684.
 1 SYSTEMPATH/Database/BaseBuilder.php(1649): CodeIgniter\Database\BaseConnection->query()
 2 SYSTEMPATH/Model.php(210): CodeIgniter\Database\BaseBuilder->get()
 3 SYSTEMPATH/BaseModel.php(611): CodeIgniter\Model->doFind()
 4 APPPATH/Controllers/Home.php(14): CodeIgniter\BaseModel->find()
 5 SYSTEMPATH/CodeIgniter.php(933): App\Controllers\Home->index()
 6 SYSTEMPATH/CodeIgniter.php(507): CodeIgniter\CodeIgniter->runController()
 7 SYSTEMPATH/CodeIgniter.php(354): CodeIgniter\CodeIgniter->handleRequest()
 8 SYSTEMPATH/Boot.php(363): CodeIgniter\CodeIgniter->run()
 9 SYSTEMPATH/Boot.php(68): CodeIgniter\Boot::runCodeIgniter()
10 FCPATH/index.php(59): CodeIgniter\Boot::bootWeb()
11 SYSTEMPATH/rewrite.php(44): require_once('/var/www/html/public/index.php')
CRITICAL - 2025-11-13 15:46:17 --> [Caused by] CodeIgniter\Database\Exceptions\DatabaseException: Table 'Transporte.HistorialdePago' doesn't exist
in SYSTEMPATH/Database/MySQLi/Connection.php on line 332.
 1 SYSTEMPATH/Database/BaseConnection.php(729): CodeIgniter\Database\MySQLi\Connection->execute()
 2 SYSTEMPATH/Database/BaseConnection.php(646): CodeIgniter\Database\BaseConnection->simpleQuery()
 3 SYSTEMPATH/Database/BaseBuilder.php(1649): CodeIgniter\Database\BaseConnection->query()
 4 SYSTEMPATH/Model.php(210): CodeIgniter\Database\BaseBuilder->get()
 5 SYSTEMPATH/BaseModel.php(611): CodeIgniter\Model->doFind()
 6 APPPATH/Controllers/Home.php(14): CodeIgniter\BaseModel->find()
 7 SYSTEMPATH/CodeIgniter.php(933): App\Controllers\Home->index()
 8 SYSTEMPATH/CodeIgniter.php(507): CodeIgniter\CodeIgniter->runController()
 9 SYSTEMPATH/CodeIgniter.php(354): CodeIgniter\CodeIgniter->handleRequest()
10 SYSTEMPATH/Boot.php(363): CodeIgniter\CodeIgniter->run()
11 SYSTEMPATH/Boot.php(68): CodeIgniter\Boot::runCodeIgniter()
12 FCPATH/index.php(59): CodeIgniter\Boot::bootWeb()
13 SYSTEMPATH/rewrite.php(44): require_once('/var/www/html/public/index.php')
CRITICAL - 2025-11-13 15:46:17 --> [Caused by] mysqli_sql_exception: Table 'Transporte.HistorialdePago' doesn't exist
in SYSTEMPATH/Database/MySQLi/Connection.php on line 327.
 1 SYSTEMPATH/Database/MySQLi/Connection.php(327): mysqli->query()
 2 SYSTEMPATH/Database/BaseConnection.php(729): CodeIgniter\Database\MySQLi\Connection->execute()
 3 SYSTEMPATH/Database/BaseConnection.php(646): CodeIgniter\Database\BaseConnection->simpleQuery()
 4 SYSTEMPATH/Database/BaseBuilder.php(1649): CodeIgniter\Database\BaseConnection->query()
 5 SYSTEMPATH/Model.php(210): CodeIgniter\Database\BaseBuilder->get()
 6 SYSTEMPATH/BaseModel.php(611): CodeIgniter\Model->doFind()
 7 APPPATH/Controllers/Home.php(14): CodeIgniter\BaseModel->find()
 8 SYSTEMPATH/CodeIgniter.php(933): App\Controllers\Home->index()
 9 SYSTEMPATH/CodeIgniter.php(507): CodeIgniter\CodeIgniter->runController()
10 SYSTEMPATH/CodeIgniter.php(354): CodeIgniter\CodeIgniter->handleRequest()
11 SYSTEMPATH/Boot.php(363): CodeIgniter\CodeIgniter->run()
12 SYSTEMPATH/Boot.php(68): CodeIgniter\Boot::runCodeIgniter()
13 FCPATH/index.php(59): CodeIgniter\Boot::bootWeb()
14 SYSTEMPATH/rewrite.php(44): require_once('/var/www/html/public/index.php')
ERROR - 2025-11-13 15:50:11 --> mysqli_sql_exception: Table 'Transporte.HistorialPago' doesn't exist in /var/www/html/system/Database/MySQLi/Connection.php:327
Stack trace:
#0 /var/www/html/system/Database/MySQLi/Connection.php(327): mysqli->query()
#1 /var/www/html/system/Database/BaseConnection.php(729): CodeIgniter\Database\MySQLi\Connection->execute()
#2 /var/www/html/system/Database/BaseConnection.php(646): CodeIgniter\Database\BaseConnection->simpleQuery()
#3 /var/www/html/system/Database/BaseBuilder.php(1649): CodeIgniter\Database\BaseConnection->query()
#4 /var/www/html/system/Model.php(210): CodeIgniter\Database\BaseBuilder->get()
#5 /var/www/html/system/BaseModel.php(611): CodeIgniter\Model->doFind()
#6 /var/www/html/app/Controllers/Home.php(14): CodeIgniter\BaseModel->find()
#7 /var/www/html/system/CodeIgniter.php(933): App\Controllers\Home->index()
#8 /var/www/html/system/CodeIgniter.php(507): CodeIgniter\CodeIgniter->runController()
#9 /var/www/html/system/CodeIgniter.php(354): CodeIgniter\CodeIgniter->handleRequest()
#10 /var/www/html/system/Boot.php(363): CodeIgniter\CodeIgniter->run()
#11 /var/www/html/system/Boot.php(68): CodeIgniter\Boot::runCodeIgniter()
#12 /var/www/html/public/index.php(59): CodeIgniter\Boot::bootWeb()
#13 /var/www/html/system/rewrite.php(44): require_once('...')
#14 {main}
CRITICAL - 2025-11-13 15:50:11 --> CodeIgniter\Database\Exceptions\DatabaseException: Table 'Transporte.HistorialPago' doesn't exist
[Method: GET, Route: /]
in SYSTEMPATH/Database/BaseConnection.php on line 684.
 1 SYSTEMPATH/Database/BaseBuilder.php(1649): CodeIgniter\Database\BaseConnection->query()
 2 SYSTEMPATH/Model.php(210): CodeIgniter\Database\BaseBuilder->get()
 3 SYSTEMPATH/BaseModel.php(611): CodeIgniter\Model->doFind()
 4 APPPATH/Controllers/Home.php(14): CodeIgniter\BaseModel->find()
 5 SYSTEMPATH/CodeIgniter.php(933): App\Controllers\Home->index()
 6 SYSTEMPATH/CodeIgniter.php(507): CodeIgniter\CodeIgniter->runController()
 7 SYSTEMPATH/CodeIgniter.php(354): CodeIgniter\CodeIgniter->handleRequest()
 8 SYSTEMPATH/Boot.php(363): CodeIgniter\CodeIgniter->run()
 9 SYSTEMPATH/Boot.php(68): CodeIgniter\Boot::runCodeIgniter()
10 FCPATH/index.php(59): CodeIgniter\Boot::bootWeb()
11 SYSTEMPATH/rewrite.php(44): require_once('/var/www/html/public/index.php')
CRITICAL - 2025-11-13 15:50:11 --> [Caused by] CodeIgniter\Database\Exceptions\DatabaseException: Table 'Transporte.HistorialPago' doesn't exist
in SYSTEMPATH/Database/MySQLi/Connection.php on line 332.
 1 SYSTEMPATH/Database/BaseConnection.php(729): CodeIgniter\Database\MySQLi\Connection->execute()
 2 SYSTEMPATH/Database/BaseConnection.php(646): CodeIgniter\Database\BaseConnection->simpleQuery()
 3 SYSTEMPATH/Database/BaseBuilder.php(1649): CodeIgniter\Database\BaseConnection->query()
 4 SYSTEMPATH/Model.php(210): CodeIgniter\Database\BaseBuilder->get()
 5 SYSTEMPATH/BaseModel.php(611): CodeIgniter\Model->doFind()
 6 APPPATH/Controllers/Home.php(14): CodeIgniter\BaseModel->find()
 7 SYSTEMPATH/CodeIgniter.php(933): App\Controllers\Home->index()
 8 SYSTEMPATH/CodeIgniter.php(507): CodeIgniter\CodeIgniter->runController()
 9 SYSTEMPATH/CodeIgniter.php(354): CodeIgniter\CodeIgniter->handleRequest()
10 SYSTEMPATH/Boot.php(363): CodeIgniter\CodeIgniter->run()
11 SYSTEMPATH/Boot.php(68): CodeIgniter\Boot::runCodeIgniter()
12 FCPATH/index.php(59): CodeIgniter\Boot::bootWeb()
13 SYSTEMPATH/rewrite.php(44): require_once('/var/www/html/public/index.php')
CRITICAL - 2025-11-13 15:50:11 --> [Caused by] mysqli_sql_exception: Table 'Transporte.HistorialPago' doesn't exist
in SYSTEMPATH/Database/MySQLi/Connection.php on line 327.
 1 SYSTEMPATH/Database/MySQLi/Connection.php(327): mysqli->query()
 2 SYSTEMPATH/Database/BaseConnection.php(729): CodeIgniter\Database\MySQLi\Connection->execute()
 3 SYSTEMPATH/Database/BaseConnection.php(646): CodeIgniter\Database\BaseConnection->simpleQuery()
 4 SYSTEMPATH/Database/BaseBuilder.php(1649): CodeIgniter\Database\BaseConnection->query()
 5 SYSTEMPATH/Model.php(210): CodeIgniter\Database\BaseBuilder->get()
 6 SYSTEMPATH/BaseModel.php(611): CodeIgniter\Model->doFind()
 7 APPPATH/Controllers/Home.php(14): CodeIgniter\BaseModel->find()
 8 SYSTEMPATH/CodeIgniter.php(933): App\Controllers\Home->index()
 9 SYSTEMPATH/CodeIgniter.php(507): CodeIgniter\CodeIgniter->runController()
10 SYSTEMPATH/CodeIgniter.php(354): CodeIgniter\CodeIgniter->handleRequest()
11 SYSTEMPATH/Boot.php(363): CodeIgniter\CodeIgniter->run()
12 SYSTEMPATH/Boot.php(68): CodeIgniter\Boot::runCodeIgniter()
13 FCPATH/index.php(59): CodeIgniter\Boot::bootWeb()
14 SYSTEMPATH/rewrite.php(44): require_once('/var/www/html/public/index.php')
ERROR - 2025-11-13 15:57:33 --> mysqli_sql_exception: Unknown column 'RutaEstaciones.ruta_estaciones_id' in 'where clause' in /var/www/html/system/Database/MySQLi/Connection.php:327
Stack trace:
#0 /var/www/html/system/Database/MySQLi/Connection.php(327): mysqli->query()
#1 /var/www/html/system/Database/BaseConnection.php(729): CodeIgniter\Database\MySQLi\Connection->execute()
#2 /var/www/html/system/Database/BaseConnection.php(646): CodeIgniter\Database\BaseConnection->simpleQuery()
#3 /var/www/html/system/Database/BaseBuilder.php(1649): CodeIgniter\Database\BaseConnection->query()
#4 /var/www/html/system/Model.php(210): CodeIgniter\Database\BaseBuilder->get()
#5 /var/www/html/system/BaseModel.php(611): CodeIgniter\Model->doFind()
#6 /var/www/html/app/Controllers/Home.php(14): CodeIgniter\BaseModel->find()
#7 /var/www/html/system/CodeIgniter.php(933): App\Controllers\Home->index()
#8 /var/www/html/system/CodeIgniter.php(507): CodeIgniter\CodeIgniter->runController()
#9 /var/www/html/system/CodeIgniter.php(354): CodeIgniter\CodeIgniter->handleRequest()
#10 /var/www/html/system/Boot.php(363): CodeIgniter\CodeIgniter->run()
#11 /var/www/html/system/Boot.php(68): CodeIgniter\Boot::runCodeIgniter()
#12 /var/www/html/public/index.php(59): CodeIgniter\Boot::bootWeb()
#13 /var/www/html/system/rewrite.php(44): require_once('...')
#14 {main}
CRITICAL - 2025-11-13 15:57:33 --> CodeIgniter\Database\Exceptions\DatabaseException: Unknown column 'RutaEstaciones.ruta_estaciones_id' in 'where clause'
[Method: GET, Route: /]
in SYSTEMPATH/Database/BaseConnection.php on line 684.
 1 SYSTEMPATH/Database/BaseBuilder.php(1649): CodeIgniter\Database\BaseConnection->query()
 2 SYSTEMPATH/Model.php(210): CodeIgniter\Database\BaseBuilder->get()
 3 SYSTEMPATH/BaseModel.php(611): CodeIgniter\Model->doFind()
 4 APPPATH/Controllers/Home.php(14): CodeIgniter\BaseModel->find()
 5 SYSTEMPATH/CodeIgniter.php(933): App\Controllers\Home->index()
 6 SYSTEMPATH/CodeIgniter.php(507): CodeIgniter\CodeIgniter->runController()
 7 SYSTEMPATH/CodeIgniter.php(354): CodeIgniter\CodeIgniter->handleRequest()
 8 SYSTEMPATH/Boot.php(363): CodeIgniter\CodeIgniter->run()
 9 SYSTEMPATH/Boot.php(68): CodeIgniter\Boot::runCodeIgniter()
10 FCPATH/index.php(59): CodeIgniter\Boot::bootWeb()
11 SYSTEMPATH/rewrite.php(44): require_once('/var/www/html/public/index.php')
CRITICAL - 2025-11-13 15:57:33 --> [Caused by] CodeIgniter\Database\Exceptions\DatabaseException: Unknown column 'RutaEstaciones.ruta_estaciones_id' in 'where clause'
in SYSTEMPATH/Database/MySQLi/Connection.php on line 332.
 1 SYSTEMPATH/Database/BaseConnection.php(729): CodeIgniter\Database\MySQLi\Connection->execute()
 2 SYSTEMPATH/Database/BaseConnection.php(646): CodeIgniter\Database\BaseConnection->simpleQuery()
 3 SYSTEMPATH/Database/BaseBuilder.php(1649): CodeIgniter\Database\BaseConnection->query()
 4 SYSTEMPATH/Model.php(210): CodeIgniter\Database\BaseBuilder->get()
 5 SYSTEMPATH/BaseModel.php(611): CodeIgniter\Model->doFind()
 6 APPPATH/Controllers/Home.php(14): CodeIgniter\BaseModel->find()
 7 SYSTEMPATH/CodeIgniter.php(933): App\Controllers\Home->index()
 8 SYSTEMPATH/CodeIgniter.php(507): CodeIgniter\CodeIgniter->runController()
 9 SYSTEMPATH/CodeIgniter.php(354): CodeIgniter\CodeIgniter->handleRequest()
10 SYSTEMPATH/Boot.php(363): CodeIgniter\CodeIgniter->run()
11 SYSTEMPATH/Boot.php(68): CodeIgniter\Boot::runCodeIgniter()
12 FCPATH/index.php(59): CodeIgniter\Boot::bootWeb()
13 SYSTEMPATH/rewrite.php(44): require_once('/var/www/html/public/index.php')
CRITICAL - 2025-11-13 15:57:33 --> [Caused by] mysqli_sql_exception: Unknown column 'RutaEstaciones.ruta_estaciones_id' in 'where clause'
in SYSTEMPATH/Database/MySQLi/Connection.php on line 327.
 1 SYSTEMPATH/Database/MySQLi/Connection.php(327): mysqli->query()
 2 SYSTEMPATH/Database/BaseConnection.php(729): CodeIgniter\Database\MySQLi\Connection->execute()
 3 SYSTEMPATH/Database/BaseConnection.php(646): CodeIgniter\Database\BaseConnection->simpleQuery()
 4 SYSTEMPATH/Database/BaseBuilder.php(1649): CodeIgniter\Database\BaseConnection->query()
 5 SYSTEMPATH/Model.php(210): CodeIgniter\Database\BaseBuilder->get()
 6 SYSTEMPATH/BaseModel.php(611): CodeIgniter\Model->doFind()
 7 APPPATH/Controllers/Home.php(14): CodeIgniter\BaseModel->find()
 8 SYSTEMPATH/CodeIgniter.php(933): App\Controllers\Home->index()
 9 SYSTEMPATH/CodeIgniter.php(507): CodeIgniter\CodeIgniter->runController()
10 SYSTEMPATH/CodeIgniter.php(354): CodeIgniter\CodeIgniter->handleRequest()
11 SYSTEMPATH/Boot.php(363): CodeIgniter\CodeIgniter->run()
12 SYSTEMPATH/Boot.php(68): CodeIgniter\Boot::runCodeIgniter()
13 FCPATH/index.php(59): CodeIgniter\Boot::bootWeb()
14 SYSTEMPATH/rewrite.php(44): require_once('/var/www/html/public/index.php')
ERROR - 2025-11-13 15:59:28 --> mysqli_sql_exception: Unknown column 'RutaEstaciones.ruta_estaciones_id' in 'where clause' in /var/www/html/system/Database/MySQLi/Connection.php:327
Stack trace:
#0 /var/www/html/system/Database/MySQLi/Connection.php(327): mysqli->query()
#1 /var/www/html/system/Database/BaseConnection.php(729): CodeIgniter\Database\MySQLi\Connection->execute()
#2 /var/www/html/system/Database/BaseConnection.php(646): CodeIgniter\Database\BaseConnection->simpleQuery()
#3 /var/www/html/system/Database/BaseBuilder.php(1649): CodeIgniter\Database\BaseConnection->query()
#4 /var/www/html/system/Model.php(210): CodeIgniter\Database\BaseBuilder->get()
#5 /var/www/html/system/BaseModel.php(611): CodeIgniter\Model->doFind()
#6 /var/www/html/app/Controllers/Home.php(14): CodeIgniter\BaseModel->find()
#7 /var/www/html/system/CodeIgniter.php(933): App\Controllers\Home->index()
#8 /var/www/html/system/CodeIgniter.php(507): CodeIgniter\CodeIgniter->runController()
#9 /var/www/html/system/CodeIgniter.php(354): CodeIgniter\CodeIgniter->handleRequest()
#10 /var/www/html/system/Boot.php(363): CodeIgniter\CodeIgniter->run()
#11 /var/www/html/system/Boot.php(68): CodeIgniter\Boot::runCodeIgniter()
#12 /var/www/html/public/index.php(59): CodeIgniter\Boot::bootWeb()
#13 /var/www/html/system/rewrite.php(44): require_once('...')
#14 {main}
CRITICAL - 2025-11-13 15:59:28 --> CodeIgniter\Database\Exceptions\DatabaseException: Unknown column 'RutaEstaciones.ruta_estaciones_id' in 'where clause'
[Method: GET, Route: /]
in SYSTEMPATH/Database/BaseConnection.php on line 684.
 1 SYSTEMPATH/Database/BaseBuilder.php(1649): CodeIgniter\Database\BaseConnection->query()
 2 SYSTEMPATH/Model.php(210): CodeIgniter\Database\BaseBuilder->get()
 3 SYSTEMPATH/BaseModel.php(611): CodeIgniter\Model->doFind()
 4 APPPATH/Controllers/Home.php(14): CodeIgniter\BaseModel->find()
 5 SYSTEMPATH/CodeIgniter.php(933): App\Controllers\Home->index()
 6 SYSTEMPATH/CodeIgniter.php(507): CodeIgniter\CodeIgniter->runController()
 7 SYSTEMPATH/CodeIgniter.php(354): CodeIgniter\CodeIgniter->handleRequest()
 8 SYSTEMPATH/Boot.php(363): CodeIgniter\CodeIgniter->run()
 9 SYSTEMPATH/Boot.php(68): CodeIgniter\Boot::runCodeIgniter()
10 FCPATH/index.php(59): CodeIgniter\Boot::bootWeb()
11 SYSTEMPATH/rewrite.php(44): require_once('/var/www/html/public/index.php')
CRITICAL - 2025-11-13 15:59:28 --> [Caused by] CodeIgniter\Database\Exceptions\DatabaseException: Unknown column 'RutaEstaciones.ruta_estaciones_id' in 'where clause'
in SYSTEMPATH/Database/MySQLi/Connection.php on line 332.
 1 SYSTEMPATH/Database/BaseConnection.php(729): CodeIgniter\Database\MySQLi\Connection->execute()
 2 SYSTEMPATH/Database/BaseConnection.php(646): CodeIgniter\Database\BaseConnection->simpleQuery()
 3 SYSTEMPATH/Database/BaseBuilder.php(1649): CodeIgniter\Database\BaseConnection->query()
 4 SYSTEMPATH/Model.php(210): CodeIgniter\Database\BaseBuilder->get()
 5 SYSTEMPATH/BaseModel.php(611): CodeIgniter\Model->doFind()
 6 APPPATH/Controllers/Home.php(14): CodeIgniter\BaseModel->find()
 7 SYSTEMPATH/CodeIgniter.php(933): App\Controllers\Home->index()
 8 SYSTEMPATH/CodeIgniter.php(507): CodeIgniter\CodeIgniter->runController()
 9 SYSTEMPATH/CodeIgniter.php(354): CodeIgniter\CodeIgniter->handleRequest()
10 SYSTEMPATH/Boot.php(363): CodeIgniter\CodeIgniter->run()
11 SYSTEMPATH/Boot.php(68): CodeIgniter\Boot::runCodeIgniter()
12 FCPATH/index.php(59): CodeIgniter\Boot::bootWeb()
13 SYSTEMPATH/rewrite.php(44): require_once('/var/www/html/public/index.php')
CRITICAL - 2025-11-13 15:59:28 --> [Caused by] mysqli_sql_exception: Unknown column 'RutaEstaciones.ruta_estaciones_id' in 'where clause'
in SYSTEMPATH/Database/MySQLi/Connection.php on line 327.
 1 SYSTEMPATH/Database/MySQLi/Connection.php(327): mysqli->query()
 2 SYSTEMPATH/Database/BaseConnection.php(729): CodeIgniter\Database\MySQLi\Connection->execute()
 3 SYSTEMPATH/Database/BaseConnection.php(646): CodeIgniter\Database\BaseConnection->simpleQuery()
 4 SYSTEMPATH/Database/BaseBuilder.php(1649): CodeIgniter\Database\BaseConnection->query()
 5 SYSTEMPATH/Model.php(210): CodeIgniter\Database\BaseBuilder->get()
 6 SYSTEMPATH/BaseModel.php(611): CodeIgniter\Model->doFind()
 7 APPPATH/Controllers/Home.php(14): CodeIgniter\BaseModel->find()
 8 SYSTEMPATH/CodeIgniter.php(933): App\Controllers\Home->index()
 9 SYSTEMPATH/CodeIgniter.php(507): CodeIgniter\CodeIgniter->runController()
10 SYSTEMPATH/CodeIgniter.php(354): CodeIgniter\CodeIgniter->handleRequest()
11 SYSTEMPATH/Boot.php(363): CodeIgniter\CodeIgniter->run()
12 SYSTEMPATH/Boot.php(68): CodeIgniter\Boot::runCodeIgniter()
13 FCPATH/index.php(59): CodeIgniter\Boot::bootWeb()
14 SYSTEMPATH/rewrite.php(44): require_once('/var/www/html/public/index.php')
ERROR - 2025-11-13 16:01:20 --> mysqli_sql_exception: Unknown column 'RutaEstaciones.ruta_estaciones_id' in 'where clause' in /var/www/html/system/Database/MySQLi/Connection.php:327
Stack trace:
#0 /var/www/html/system/Database/MySQLi/Connection.php(327): mysqli->query()
#1 /var/www/html/system/Database/BaseConnection.php(729): CodeIgniter\Database\MySQLi\Connection->execute()
#2 /var/www/html/system/Database/BaseConnection.php(646): CodeIgniter\Database\BaseConnection->simpleQuery()
#3 /var/www/html/system/Database/BaseBuilder.php(1649): CodeIgniter\Database\BaseConnection->query()
#4 /var/www/html/system/Model.php(210): CodeIgniter\Database\BaseBuilder->get()
#5 /var/www/html/system/BaseModel.php(611): CodeIgniter\Model->doFind()
#6 /var/www/html/app/Controllers/Home.php(14): CodeIgniter\BaseModel->find()
#7 /var/www/html/system/CodeIgniter.php(933): App\Controllers\Home->index()
#8 /var/www/html/system/CodeIgniter.php(507): CodeIgniter\CodeIgniter->runController()
#9 /var/www/html/system/CodeIgniter.php(354): CodeIgniter\CodeIgniter->handleRequest()
#10 /var/www/html/system/Boot.php(363): CodeIgniter\CodeIgniter->run()
#11 /var/www/html/system/Boot.php(68): CodeIgniter\Boot::runCodeIgniter()
#12 /var/www/html/public/index.php(59): CodeIgniter\Boot::bootWeb()
#13 /var/www/html/system/rewrite.php(44): require_once('...')
#14 {main}
CRITICAL - 2025-11-13 16:01:20 --> CodeIgniter\Database\Exceptions\DatabaseException: Unknown column 'RutaEstaciones.ruta_estaciones_id' in 'where clause'
[Method: GET, Route: /]
in SYSTEMPATH/Database/BaseConnection.php on line 684.
 1 SYSTEMPATH/Database/BaseBuilder.php(1649): CodeIgniter\Database\BaseConnection->query()
 2 SYSTEMPATH/Model.php(210): CodeIgniter\Database\BaseBuilder->get()
 3 SYSTEMPATH/BaseModel.php(611): CodeIgniter\Model->doFind()
 4 APPPATH/Controllers/Home.php(14): CodeIgniter\BaseModel->find()
 5 SYSTEMPATH/CodeIgniter.php(933): App\Controllers\Home->index()
 6 SYSTEMPATH/CodeIgniter.php(507): CodeIgniter\CodeIgniter->runController()
 7 SYSTEMPATH/CodeIgniter.php(354): CodeIgniter\CodeIgniter->handleRequest()
 8 SYSTEMPATH/Boot.php(363): CodeIgniter\CodeIgniter->run()
 9 SYSTEMPATH/Boot.php(68): CodeIgniter\Boot::runCodeIgniter()
10 FCPATH/index.php(59): CodeIgniter\Boot::bootWeb()
11 SYSTEMPATH/rewrite.php(44): require_once('/var/www/html/public/index.php')
CRITICAL - 2025-11-13 16:01:20 --> [Caused by] CodeIgniter\Database\Exceptions\DatabaseException: Unknown column 'RutaEstaciones.ruta_estaciones_id' in 'where clause'
in SYSTEMPATH/Database/MySQLi/Connection.php on line 332.
 1 SYSTEMPATH/Database/BaseConnection.php(729): CodeIgniter\Database\MySQLi\Connection->execute()
 2 SYSTEMPATH/Database/BaseConnection.php(646): CodeIgniter\Database\BaseConnection->simpleQuery()
 3 SYSTEMPATH/Database/BaseBuilder.php(1649): CodeIgniter\Database\BaseConnection->query()
 4 SYSTEMPATH/Model.php(210): CodeIgniter\Database\BaseBuilder->get()
 5 SYSTEMPATH/BaseModel.php(611): CodeIgniter\Model->doFind()
 6 APPPATH/Controllers/Home.php(14): CodeIgniter\BaseModel->find()
 7 SYSTEMPATH/CodeIgniter.php(933): App\Controllers\Home->index()
 8 SYSTEMPATH/CodeIgniter.php(507): CodeIgniter\CodeIgniter->runController()
 9 SYSTEMPATH/CodeIgniter.php(354): CodeIgniter\CodeIgniter->handleRequest()
10 SYSTEMPATH/Boot.php(363): CodeIgniter\CodeIgniter->run()
11 SYSTEMPATH/Boot.php(68): CodeIgniter\Boot::runCodeIgniter()
12 FCPATH/index.php(59): CodeIgniter\Boot::bootWeb()
13 SYSTEMPATH/rewrite.php(44): require_once('/var/www/html/public/index.php')
CRITICAL - 2025-11-13 16:01:20 --> [Caused by] mysqli_sql_exception: Unknown column 'RutaEstaciones.ruta_estaciones_id' in 'where clause'
in SYSTEMPATH/Database/MySQLi/Connection.php on line 327.
 1 SYSTEMPATH/Database/MySQLi/Connection.php(327): mysqli->query()
 2 SYSTEMPATH/Database/BaseConnection.php(729): CodeIgniter\Database\MySQLi\Connection->execute()
 3 SYSTEMPATH/Database/BaseConnection.php(646): CodeIgniter\Database\BaseConnection->simpleQuery()
 4 SYSTEMPATH/Database/BaseBuilder.php(1649): CodeIgniter\Database\BaseConnection->query()
 5 SYSTEMPATH/Model.php(210): CodeIgniter\Database\BaseBuilder->get()
 6 SYSTEMPATH/BaseModel.php(611): CodeIgniter\Model->doFind()
 7 APPPATH/Controllers/Home.php(14): CodeIgniter\BaseModel->find()
 8 SYSTEMPATH/CodeIgniter.php(933): App\Controllers\Home->index()
 9 SYSTEMPATH/CodeIgniter.php(507): CodeIgniter\CodeIgniter->runController()
10 SYSTEMPATH/CodeIgniter.php(354): CodeIgniter\CodeIgniter->handleRequest()
11 SYSTEMPATH/Boot.php(363): CodeIgniter\CodeIgniter->run()
12 SYSTEMPATH/Boot.php(68): CodeIgniter\Boot::runCodeIgniter()
13 FCPATH/index.php(59): CodeIgniter\Boot::bootWeb()
14 SYSTEMPATH/rewrite.php(44): require_once('/var/www/html/public/index.php')
